<?xml version="1.0" encoding="UTF-8"?>
<!-- Generated by org.testng.reporters.JUnitReportReporter -->
<testsuite hostname="LAPTOP-ED3B4Q90" failures="0" tests="1" name="tests.rest.TC003_CreateChangeRequest" time="4.130" errors="0" timestamp="2022-06-11T12:48:56 IST" skipped="0">
  <testcase classname="tests.rest.TC003_CreateChangeRequest" name="createCR" time="4.130"/>
  <system-out/>
</testsuite> <!-- tests.rest.TC003_CreateChangeRequest -->
