<?xml version="1.0" encoding="UTF-8"?>
<!-- Generated by org.testng.reporters.JUnitReportReporter -->
<testsuite hostname="DESKTOP-BN3PUO8" failures="0" tests="1" name="tests.rest.TC002_GetIncident" time="9.518" errors="0" timestamp="2022-11-03T16:38:56 IST" skipped="0">
  <testcase classname="tests.rest.TC002_GetIncident" name="getIncident" time="9.518"/>
  <system-out/>
</testsuite> <!-- tests.rest.TC002_GetIncident -->
