<?xml version="1.0" encoding="UTF-8"?>
<!-- Generated by org.testng.reporters.JUnitReportReporter -->
<testsuite hostname="DESKTOP-BN3PUO8" failures="0" tests="1" name="tests.rest.TC004_UpdateIncident" time="4.237" errors="0" timestamp="2022-11-09T17:00:38 IST" skipped="0">
  <testcase classname="tests.rest.TC004_UpdateIncident" name="createCR" time="4.237"/>
  <system-out/>
</testsuite> <!-- tests.rest.TC004_UpdateIncident -->
