<?xml version="1.0" encoding="UTF-8"?>
<!-- Generated by org.testng.reporters.JUnitReportReporter -->
<testsuite hostname="DESKTOP-BN3PUO8" failures="0" tests="1" name="test.TestJava" time="16.847" errors="0" timestamp="2022-11-11T18:44:46 IST" skipped="0">
  <testcase classname="test.TestJava" name="test" time="16.847"/>
  <system-out/>
</testsuite> <!-- test.TestJava -->
